{
  "0 debug pnpm:scope": {
    "selected": 1
  },
  "1 debug pnpm:package-manifest": {
    "initial": {
      "name": "swc-demo",
      "version": "1.0.0",
      "description": "",
      "main": "index.js",
      "scripts": {
        "test": "echo \"Error: no test specified\" && exit 1"
      },
      "keywords": [],
      "author": "Jun Guo",
      "license": "ISC"
    },
    "prefix": "/home/gjuoun/Code/gjuoun/swc-playground/swc-demo"
  },
  "2 debug pnpm:context": {
    "currentLockfileExists": false,
    "storeDir": "/home/gjuoun/.pnpm-store/v3",
    "virtualStoreDir": "/home/gjuoun/Code/gjuoun/swc-playground/swc-demo/node_modules/.pnpm"
  },
  "3 debug pnpm:stage": {
    "prefix": "/home/gjuoun/Code/gjuoun/swc-playground/swc-demo",
    "stage": "resolution_started"
  },
  "4 debug pnpm:_dependency_resolved": {
    "resolution": "registry.npmjs.org/@types/express/4.17.13",
    "wanted": {
      "dependentId": ".",
      "name": "@types/express",
      "rawSpec": "latest"
    }
  },
  "5 debug pnpm:progress": {
    "packageId": "registry.npmjs.org/@types/express/4.17.13",
    "requester": "/home/gjuoun/Code/gjuoun/swc-playground/swc-demo",
    "status": "resolved"
  },
  "6 debug pnpm:progress": {
    "packageId": "registry.npmjs.org/@types/express/4.17.13",
    "requester": "/home/gjuoun/Code/gjuoun/swc-playground/swc-demo",
    "status": "found_in_store"
  },
  "7 debug pnpm:update-check": {
    "currentVersion": "6.31.0",
    "latestVersion": "6.32.0"
  },
  "8 debug pnpm:_dependency_resolved": {
    "resolution": "registry.npmjs.org/@types/node/17.0.19",
    "wanted": {
      "dependentId": ".",
      "name": "@types/node",
      "rawSpec": "latest"
    }
  },
  "9 debug pnpm:progress": {
    "packageId": "registry.npmjs.org/@types/node/17.0.19",
    "requester": "/home/gjuoun/Code/gjuoun/swc-playground/swc-demo",
    "status": "resolved"
  },
  "10 debug pnpm:progress": {
    "packageId": "registry.npmjs.org/@types/node/17.0.19",
    "requester": "/home/gjuoun/Code/gjuoun/swc-playground/swc-demo",
    "status": "found_in_store"
  },
  "11 error pnpm": {
    "code": "ERR_PNPM_FETCH_404",
    "hint": "eaxpress is not in the npm registry, or you have no permission to fetch it.\n\nNo authorization header was set for the request.",
    "request": {
      "url": "https://registry.npmjs.org/eaxpress"
    },
    "response": {
      "size": 0
    },
    "pkgName": "eaxpress",
    "pkgsStack": [],
    "err": {
      "name": "pnpm",
      "message": "GET https://registry.npmjs.org/eaxpress: Not Found - 404",
      "code": "ERR_PNPM_FETCH_404",
      "stack": "pnpm: GET https://registry.npmjs.org/eaxpress: Not Found - 404\n    at RetryOperation._fn (/home/gjuoun/.nvm/versions/node/v14.18.2/lib/node_modules/pnpm/dist/pnpm.cjs:85663:19)\n    at processTicksAndRejections (internal/process/task_queues.js:95:5)"
    }
  }
}